<?xml version="1.0" encoding="UTF-8"?>
<testng-results skipped="0" failed="0" total="1" passed="1">
  <reporter-output>
  </reporter-output>
  <suite name="TestClass" duration-ms="12300" started-at="2019-04-04T18:23:48Z" finished-at="2019-04-04T18:24:00Z">
    <groups>
    </groups>
    <test name="Command line test" duration-ms="12300" started-at="2019-04-04T18:23:48Z" finished-at="2019-04-04T18:24:00Z">
      <class name="TestClass">
        <test-method status="PASS" signature="baseBeforeSuite()[pri:0, instance:TestClass@6a2bcfcb]" name="baseBeforeSuite" is-config="true" duration-ms="27712" started-at="2019-04-04T14:23:20Z" finished-at="2019-04-04T14:23:48Z">
          <reporter-output>
          </reporter-output>
        </test-method> <!-- baseBeforeSuite -->
        <test-method status="PASS" signature="baseBeforeMethod([Ljava.lang.Object;, org.testng.ITestContext, java.lang.reflect.Method)[pri:0, instance:TestClass@6a2bcfcb]" name="baseBeforeMethod" is-config="true" duration-ms="0" started-at="2019-04-04T14:23:48Z" finished-at="2019-04-04T14:23:48Z">
          <params>
            <param index="0">
              <value>
                <![CDATA[[Ljava.lang.Object;@305a0c5f]]>
              </value>
            </param>
            <param index="1">
              <value>
                <![CDATA[org.testng.TestRunner@4535b6d5]]>
              </value>
            </param>
            <param index="2">
              <value>
                <![CDATA[public void TestClass.test() throws com.hp.lft.sdk.GeneralLeanFtException]]>
              </value>
            </param>
          </params>
          <reporter-output>
          </reporter-output>
        </test-method> <!-- baseBeforeMethod -->
        <test-method status="PASS" signature="beforeMethod()[pri:0, instance:TestClass@6a2bcfcb]" name="beforeMethod" is-config="true" duration-ms="0" started-at="2019-04-04T14:23:48Z" finished-at="2019-04-04T14:23:48Z">
          <reporter-output>
          </reporter-output>
        </test-method> <!-- beforeMethod -->
        <test-method status="PASS" signature="test()[pri:0, instance:TestClass@6a2bcfcb]" name="test" duration-ms="12292" started-at="2019-04-04T14:23:48Z" finished-at="2019-04-04T14:24:00Z">
          <reporter-output>
          </reporter-output>
        </test-method> <!-- test -->
        <test-method status="PASS" signature="beforeClass()[pri:0, instance:TestClass@6a2bcfcb]" name="beforeClass" is-config="true" duration-ms="0" started-at="2019-04-04T14:23:48Z" finished-at="2019-04-04T14:23:48Z">
          <reporter-output>
          </reporter-output>
        </test-method> <!-- beforeClass -->
        <test-method status="PASS" signature="baseBeforeClass(org.testng.ITestContext)[pri:0, instance:TestClass@6a2bcfcb]" name="baseBeforeClass" is-config="true" duration-ms="0" started-at="2019-04-04T14:23:48Z" finished-at="2019-04-04T14:23:48Z">
          <params>
            <param index="0">
              <value>
                <![CDATA[org.testng.TestRunner@4535b6d5]]>
              </value>
            </param>
          </params>
          <reporter-output>
          </reporter-output>
        </test-method> <!-- baseBeforeClass -->
        <test-method status="PASS" signature="afterMethod()[pri:0, instance:TestClass@6a2bcfcb]" name="afterMethod" is-config="true" duration-ms="0" started-at="2019-04-04T14:24:00Z" finished-at="2019-04-04T14:24:00Z">
          <reporter-output>
          </reporter-output>
        </test-method> <!-- afterMethod -->
        <test-method status="PASS" signature="afterClass()[pri:0, instance:TestClass@6a2bcfcb]" name="afterClass" is-config="true" duration-ms="0" started-at="2019-04-04T14:24:00Z" finished-at="2019-04-04T14:24:00Z">
          <reporter-output>
          </reporter-output>
        </test-method> <!-- afterClass -->
        <test-method status="PASS" signature="baseAfterClass(org.testng.ITestContext)[pri:0, instance:TestClass@6a2bcfcb]" name="baseAfterClass" is-config="true" duration-ms="0" started-at="2019-04-04T14:24:00Z" finished-at="2019-04-04T14:24:00Z">
          <params>
            <param index="0">
              <value>
                <![CDATA[org.testng.TestRunner@4535b6d5]]>
              </value>
            </param>
          </params>
          <reporter-output>
          </reporter-output>
        </test-method> <!-- baseAfterClass -->
        <test-method status="PASS" signature="baseAfterMethod(org.testng.ITestResult)[pri:0, instance:TestClass@6a2bcfcb]" name="baseAfterMethod" is-config="true" duration-ms="0" started-at="2019-04-04T14:24:00Z" finished-at="2019-04-04T14:24:00Z">
          <params>
            <param index="0">
              <value>
                <![CDATA[[TestResult name=test status=SUCCESS method=TestClass.test()[pri:0, instance:TestClass@6a2bcfcb] output={null}]]]>
              </value>
            </param>
          </params>
          <reporter-output>
          </reporter-output>
        </test-method> <!-- baseAfterMethod -->
        <test-method status="PASS" signature="baseAfterSuite()[pri:0, instance:TestClass@6a2bcfcb]" name="baseAfterSuite" is-config="true" duration-ms="4210" started-at="2019-04-04T14:24:00Z" finished-at="2019-04-04T14:24:04Z">
          <reporter-output>
          </reporter-output>
        </test-method> <!-- baseAfterSuite -->
      </class> <!-- TestClass -->
    </test> <!-- Command line test -->
  </suite> <!-- TestClass -->
</testng-results>
